----------------------------------------------------------------
2017-02-09 00:03:54.083 GMT:
Booting Derby version The Apache Software Foundation - Apache Derby - 10.6.2.1 - (999685): instance a816c00e-015a-202e-fa0d-00000f21e9a8 
on database directory C:\Users\MarcoAntonio\AppData\Local\Temp\gfembed1766383696965930757tmp\lib\databases\embedded_default  with class loader sun.misc.Launcher$AppClassLoader@75b84c92 
Loaded from file:/C:/Users/MarcoAntonio/.m2/repository/org/glassfish/extras/glassfish-embedded-all/3.1.1/glassfish-embedded-all-3.1.1.jar
java.vendor=Oracle Corporation
java.runtime.version=1.8.0_71-b15
Database Class Loader started - derby.database.classpath=''
----------------------------------------------------------------
2017-02-09 00:03:58.609 GMT:
Booting Derby version The Apache Software Foundation - Apache Derby - 10.6.2.1 - (999685): instance cead00d8-015a-202e-fa0d-00000f21e9a8 
on database directory C:\Users\MarcoAntonio\AppData\Local\Temp\gfembed1766383696965930757tmp\lib\databases\ejbtimer  with class loader sun.misc.Launcher$AppClassLoader@75b84c92 
Loaded from file:/C:/Users/MarcoAntonio/.m2/repository/org/glassfish/extras/glassfish-embedded-all/3.1.1/glassfish-embedded-all-3.1.1.jar
java.vendor=Oracle Corporation
java.runtime.version=1.8.0_71-b15
Database Class Loader started - derby.database.classpath=''
----------------------------------------------------------------
2017-02-09 00:04:20.747 GMT:
Booting Derby version The Apache Software Foundation - Apache Derby - 10.6.2.1 - (999685): instance a196416f-015a-202e-fa0d-00000f21e9a8 
on database directory C:\Users\MarcoAntonio\AppData\Local\Temp\gfembed3281852780944351474tmp\lib\databases\embedded_default  with class loader sun.misc.Launcher$AppClassLoader@75b84c92 
Loaded from file:/C:/Users/MarcoAntonio/.m2/repository/org/glassfish/extras/glassfish-embedded-all/3.1.1/glassfish-embedded-all-3.1.1.jar
java.vendor=Oracle Corporation
java.runtime.version=1.8.0_71-b15
Database Class Loader started - derby.database.classpath=''
----------------------------------------------------------------
2017-02-09 00:04:29.270 GMT:
Booting Derby version The Apache Software Foundation - Apache Derby - 10.6.2.1 - (999685): instance 9dcf0239-015a-202e-fa0d-00000f21e9a8 
on database directory C:\Users\MarcoAntonio\AppData\Local\Temp\gfembed3281852780944351474tmp\lib\databases\ejbtimer  with class loader sun.misc.Launcher$AppClassLoader@75b84c92 
Loaded from file:/C:/Users/MarcoAntonio/.m2/repository/org/glassfish/extras/glassfish-embedded-all/3.1.1/glassfish-embedded-all-3.1.1.jar
java.vendor=Oracle Corporation
java.runtime.version=1.8.0_71-b15
Database Class Loader started - derby.database.classpath=''
